01-04-2015, 12:32 - New token: Your account is inactive.
01-04-2015, 12:33 - Get token for report: Session expired or not created.
01-04-2015, 12:33 - Get active token: Undefined offset: 0
01-04-2015, 12:33 - New token: Your account is inactive.
01-04-2015, 12:33 - Get token for report: Session expired or not created.
01-04-2015, 12:34 - Get active token: Undefined offset: 0
01-04-2015, 12:34 - New token: Your account is inactive.
01-04-2015, 12:35 - Get token for report: Session expired or not created.
01-04-2015, 12:35 - Get active token: Undefined offset: 0
01-04-2015, 12:35 - New token: Your account is inactive.
01-04-2015, 12:35 - Get token for report: Session expired or not created.
01-04-2015, 12:36 - Get active token: Undefined offset: 0
01-04-2015, 12:36 - New token: Your account is inactive.
01-04-2015, 12:36 - Get token for report: Session expired or not created.
01-04-2015, 12:37 - Get active token: Undefined offset: 0
01-04-2015, 12:37 - New token: Your account is inactive.
01-04-2015, 12:37 - Get token for report: Session expired or not created.
01-04-2015, 12:38 - Get active token: Undefined offset: 0
01-04-2015, 12:38 - New token: Your account is inactive.
01-04-2015, 12:38 - Get token for report: Session expired or not created.
01-04-2015, 12:39 - Get active token: Undefined offset: 0
01-04-2015, 12:39 - New token: Your account is inactive.
01-04-2015, 12:39 - Get token for report: Session expired or not created.
01-04-2015, 12:40 - Get active token: Undefined offset: 0
01-04-2015, 12:41 - New token: Your account is inactive.
01-04-2015, 12:41 - Get token for report: Session expired or not created.
01-04-2015, 12:41 - Get active token: Undefined offset: 0
01-04-2015, 12:41 - New token: Your account is inactive.
01-04-2015, 12:41 - Get token for report: Session expired or not created.
01-04-2015, 12:42 - Get active token: Undefined offset: 0
01-04-2015, 12:42 - New token: Your account is inactive.
01-04-2015, 12:42 - Get token for report: Session expired or not created.
01-04-2015, 12:45 - Get active token: Undefined offset: 0
01-04-2015, 12:45 - New token: Your account is inactive.
01-04-2015, 12:45 - Get token for report: Session expired or not created.
01-04-2015, 12:46 - Get active token: Undefined offset: 0
01-04-2015, 12:46 - New token: Your account is inactive.
01-04-2015, 12:46 - Get token for report: Session expired or not created.
01-04-2015, 12:47 - Get active token: Undefined offset: 0
01-04-2015, 12:48 - New token: Your account is inactive.
01-04-2015, 12:48 - Get token for report: Session expired or not created.
15-05-2015, 16:16 - New token: Your account is inactive.
15-05-2015, 16:16 - New Publisher twitter.com_974: Session expired or not created.
20-10-2015, 20:17 - New token: Your account is inactive.
20-10-2015, 20:17 - New Site blogbahasainggris.com: Session expired or not created.
20-10-2015, 20:20 - Get active token: Undefined offset: 0
20-10-2015, 20:20 - New token: Your account is inactive.
20-10-2015, 20:20 - New Site blogbahasainggris.com: Session expired or not created.
22-10-2015, 22:53 - New token: Your account is inactive.
22-10-2015, 22:53 - New Site blogbahasainggris.com: Session expired or not created.
17-09-2016, 02:33 - New token: Your account is inactive.
17-09-2016, 02:33 - New Site allforinfo.tk: Session expired or not created.
